0 info it worked if it ends with ok
1 verbose cli [ '/usr/bin/node', '/usr/bin/npm', 'start' ]
2 info using npm@3.5.2
3 info using node@v8.10.0
4 verbose run-script [ 'prestart', 'start', 'poststart' ]
5 info lifecycle frontend@0.1.0~prestart: frontend@0.1.0
6 silly lifecycle frontend@0.1.0~prestart: no script for prestart, continuing
7 info lifecycle frontend@0.1.0~start: frontend@0.1.0
8 verbose lifecycle frontend@0.1.0~start: unsafe-perm in lifecycle true
9 verbose lifecycle frontend@0.1.0~start: PATH: /usr/share/npm/bin/node-gyp-bin:/mnt/d/College/Google group web app/marketplace/frontend/node_modules/.bin:/usr/local/sbin:/usr/local/bin:/usr/sbin:/usr/bin:/sbin:/bin:/usr/games:/usr/local/games:/mnt/c/Program Files/NVIDIA GPU Computing Toolkit/CUDA/v10.0/bin:/mnt/c/Program Files/NVIDIA GPU Computing Toolkit/CUDA/v10.0/libnvvp:/mnt/c/ProgramData/Anaconda3:/mnt/c/ProgramData/Anaconda3/Library/mingw-w64/bin:/mnt/c/ProgramData/Anaconda3/Library/usr/bin:/mnt/c/ProgramData/Anaconda3/Library/bin:/mnt/c/ProgramData/Anaconda3/Scripts:/mnt/c/Program Files/Python37/Scripts/:/mnt/c/Program Files/Python37/:/mnt/c/Windows/system32:/mnt/c/Windows:/mnt/c/Windows/System32/Wbem:/mnt/c/Windows/System32/WindowsPowerShell/v1.0/:/mnt/c/Windows/System32/OpenSSH/:/mnt/c/College/doxygen/bin:/mnt/c/Program Files/dotnet/:/mnt/c/WINDOWS/system32:/mnt/c/WINDOWS:/mnt/c/WINDOWS/System32/Wbem:/mnt/c/WINDOWS/System32/WindowsPowerShell/v1.0/:/mnt/c/WINDOWS/System32/OpenSSH/:/mnt/c/Program Files/Git/cmd:/mnt/c/Program Files/NVIDIA Corporation/NVIDIA NvDLISR:/mnt/c/Program Files (x86)/NVIDIA Corporation/PhysX/Common:/mnt/c/Program Files/Microsoft SQL Server/Client SDK/ODBC/130/Tools/Binn/:/mnt/c/Program Files (x86)/Microsoft SQL Server/140/Tools/Binn/:/mnt/c/Program Files/Microsoft SQL Server/140/Tools/Binn/:/mnt/c/Program Files/Microsoft SQL Server/140/DTS/Binn/:/mnt/c/Program Files (x86)/Microsoft SQL Server/150/DTS/Binn/:/mnt/c/Program Files/nodejs/:/mnt/c/Program Files/NVIDIA GPU Computing Toolkit/CUDA/v10.0/include:/mnt/c/Program Files/NVIDIA GPU Computing Toolkit/CUDA/v10.0/extras/CUPTI/libx64:/mnt/c/tools/cuda/bin:/mnt/c/Program Files (x86)/Vim/vim82:/mnt/c/Program Files/CMake/bin:/mnt/c/Users/srija/AppData/Local/Programs/Python/Python38-32:/mnt/c/Program Files/Neovim/bin:/mnt/c/Program Files (x86)/emacs-26.3-x86_64/bin:/mnt/c/Program Files (x86)/Microsoft Visual Studio/2017/BuildTools/VC:/mnt/c/Program Files (x86)/Microsoft Visual Studio/2017/BuildTools:/mnt/c/Program Files (x86)/Microsoft Visual Studio/2019/BuildTools:/mnt/c/Program Files (x86)/Microsoft Visual Studio/2019/BuildTools/MSBuild/Current/Bin:/mnt/c/Program Files (x86)/Microsoft Visual Studio/2019/BuildTools/MSBuild/Microsoft/VC/v160:/mnt/c/Users/srija/AppData/Local/Programs/Python/Python38-32/Scripts/:/mnt/c/Users/srija/AppData/Local/Programs/Python/Python38-32/:/mnt/c/Users/srija/AppData/Local/Microsoft/WindowsApps:/mnt/c/Program Files/Java/jdk-12.0.1/bin:/mnt/c/ProgramData/Anaconda3/Library/bin:/mnt/c/Program Files/JetBrains/PyCharm Community Edition 2019.2.2/bin:/mnt/c/Users/srija/AppData/Roaming/npm:/mnt/c/Program Files/JetBrains/WebStorm 2019.2.3/bin:/mnt/c/Users/srija/AppData/Local/Programs/Microsoft VS Code/bin:/mnt/c/College/web apps/hw3:/mnt/d/College/MongoDB/bin:/mnt/c/Program Files/heroku/bin:/mnt/c/Users/srija/AppData/Local/GitHubDesktop/bin:/snap/bin
10 verbose lifecycle frontend@0.1.0~start: CWD: /mnt/d/College/Google group web app/marketplace/frontend
11 silly lifecycle frontend@0.1.0~start: Args: [ '-c', 'react-scripts start' ]
12 silly lifecycle frontend@0.1.0~start: Returned: code: 2  signal: null
13 info lifecycle frontend@0.1.0~start: Failed to exec start script
14 verbose stack Error: frontend@0.1.0 start: `react-scripts start`
14 verbose stack Exit status 2
14 verbose stack     at EventEmitter.<anonymous> (/usr/share/npm/lib/utils/lifecycle.js:232:16)
14 verbose stack     at emitTwo (events.js:126:13)
14 verbose stack     at EventEmitter.emit (events.js:214:7)
14 verbose stack     at ChildProcess.<anonymous> (/usr/share/npm/lib/utils/spawn.js:24:14)
14 verbose stack     at emitTwo (events.js:126:13)
14 verbose stack     at ChildProcess.emit (events.js:214:7)
14 verbose stack     at maybeClose (internal/child_process.js:925:16)
14 verbose stack     at Process.ChildProcess._handle.onexit (internal/child_process.js:209:5)
15 verbose pkgid frontend@0.1.0
16 verbose cwd /mnt/d/College/Google group web app/marketplace/frontend
17 error Linux 4.4.0-18362-Microsoft
18 error argv "/usr/bin/node" "/usr/bin/npm" "start"
19 error node v8.10.0
20 error npm  v3.5.2
21 error code ELIFECYCLE
22 error frontend@0.1.0 start: `react-scripts start`
22 error Exit status 2
23 error Failed at the frontend@0.1.0 start script 'react-scripts start'.
23 error Make sure you have the latest version of node.js and npm installed.
23 error If you do, this is most likely a problem with the frontend package,
23 error not with npm itself.
23 error Tell the author that this fails on your system:
23 error     react-scripts start
23 error You can get information on how to open an issue for this project with:
23 error     npm bugs frontend
23 error Or if that isn't available, you can get their info via:
23 error     npm owner ls frontend
23 error There is likely additional logging output above.
24 verbose exit [ 1, true ]
